<?xml version="1.0" encoding="UTF-8"?>
<testsuite name="com.example.ai_shopping_cart.AddItemToCartIntegrationTest" tests="1" skipped="0" failures="0" errors="0" timestamp="2025-05-09T10:17:11.480Z" hostname="Aleixs-MacBook-Pro.local" time="0.413">
  <properties/>
  <testcase name="contextLoads()" classname="com.example.ai_shopping_cart.AddItemToCartIntegrationTest" time="0.413"/>
  <system-out><![CDATA[12:17:09.557 [Test worker] INFO org.springframework.test.context.support.AnnotationConfigContextLoaderUtils -- Could not detect default configuration classes for test class [com.example.ai_shopping_cart.AddItemToCartIntegrationTest]: AddItemToCartIntegrationTest does not declare any static, non-private, non-final, nested classes annotated with @Configuration.
12:17:09.620 [Test worker] INFO org.springframework.boot.test.context.SpringBootTestContextBootstrapper -- Found @SpringBootConfiguration com.example.ai_shopping_cart.AiShoppingCartApplication for test class com.example.ai_shopping_cart.AddItemToCartIntegrationTest

  .   ____          _            __ _ _
 /\\ / ___'_ __ _ _(_)_ __  __ _ \ \ \ \
( ( )\___ | '_ | '_| | '_ \/ _` | \ \ \ \
 \\/  ___)| |_)| | | | | || (_| |  ) ) ) )
  '  |____| .__|_| |_|_| |_\__, | / / / /
 =========|_|==============|___/=/_/_/_/
 :: Spring Boot ::                (v3.2.5)

2025-05-09T12:17:09.796+02:00  INFO 46522 --- [    Test worker] c.e.a.AddItemToCartIntegrationTest       : Starting AddItemToCartIntegrationTest using Java 21.0.6 with PID 46522 (started by averges in /Users/averges/ai-shopping-cart)
2025-05-09T12:17:09.797+02:00  INFO 46522 --- [    Test worker] c.e.a.AddItemToCartIntegrationTest       : No active profile set, falling back to 1 default profile: "default"
2025-05-09T12:17:09.998+02:00  INFO 46522 --- [    Test worker] .s.d.r.c.RepositoryConfigurationDelegate : Bootstrapping Spring Data JPA repositories in DEFAULT mode.
2025-05-09T12:17:10.017+02:00  INFO 46522 --- [    Test worker] .s.d.r.c.RepositoryConfigurationDelegate : Finished Spring Data repository scanning in 15 ms. Found 1 JPA repository interface.
2025-05-09T12:17:10.291+02:00  INFO 46522 --- [    Test worker] o.hibernate.jpa.internal.util.LogHelper  : HHH000204: Processing PersistenceUnitInfo [name: default]
2025-05-09T12:17:10.317+02:00  INFO 46522 --- [    Test worker] org.hibernate.Version                    : HHH000412: Hibernate ORM core version 6.4.4.Final
2025-05-09T12:17:10.332+02:00  INFO 46522 --- [    Test worker] o.h.c.internal.RegionFactoryInitiator    : HHH000026: Second-level cache disabled
2025-05-09T12:17:10.447+02:00  INFO 46522 --- [    Test worker] o.s.o.j.p.SpringPersistenceUnitInfo      : No LoadTimeWeaver setup: ignoring JPA class transformer
2025-05-09T12:17:10.463+02:00  INFO 46522 --- [    Test worker] com.zaxxer.hikari.HikariDataSource       : HikariPool-1 - Starting...
2025-05-09T12:17:10.609+02:00  INFO 46522 --- [    Test worker] com.zaxxer.hikari.pool.HikariPool        : HikariPool-1 - Added connection org.postgresql.jdbc.PgConnection@58aa5c94
2025-05-09T12:17:10.610+02:00  INFO 46522 --- [    Test worker] com.zaxxer.hikari.HikariDataSource       : HikariPool-1 - Start completed.
2025-05-09T12:17:10.636+02:00  WARN 46522 --- [    Test worker] org.hibernate.orm.deprecation            : HHH90000025: PostgreSQLDialect does not need to be specified explicitly using 'hibernate.dialect' (remove the property setting and it will be selected by default)
2025-05-09T12:17:10.999+02:00  INFO 46522 --- [    Test worker] o.h.m.i.EntityInstantiatorPojoStandard   : HHH000182: No default (no-argument) constructor for class: com.example.ai_shopping_cart.domain.ProductId (class must be instantiated by Interceptor)
2025-05-09T12:17:11.087+02:00  INFO 46522 --- [    Test worker] o.h.e.t.j.p.i.JtaPlatformInitiator       : HHH000489: No JTA platform available (set 'hibernate.transaction.jta.platform' to enable JTA platform integration)
2025-05-09T12:17:11.145+02:00  INFO 46522 --- [    Test worker] j.LocalContainerEntityManagerFactoryBean : Initialized JPA EntityManagerFactory for persistence unit 'default'
2025-05-09T12:17:11.306+02:00  WARN 46522 --- [    Test worker] JpaBaseConfiguration$JpaWebConfiguration : spring.jpa.open-in-view is enabled by default. Therefore, database queries may be performed during view rendering. Explicitly configure spring.jpa.open-in-view to disable this warning
2025-05-09T12:17:11.473+02:00  INFO 46522 --- [    Test worker] c.e.a.AddItemToCartIntegrationTest       : Started AddItemToCartIntegrationTest in 1.785 seconds (process running for 2.333)
]]></system-out>
  <system-err><![CDATA[WARNING: A Java agent has been loaded dynamically (/Users/averges/.gradle/caches/modules-2/files-2.1/net.bytebuddy/byte-buddy-agent/1.14.13/979ce25f7d3096a2e82214ba7dc972a05ce7a171/byte-buddy-agent-1.14.13.jar)
WARNING: If a serviceability tool is in use, please run with -XX:+EnableDynamicAgentLoading to hide this warning
WARNING: If a serviceability tool is not in use, please run with -Djdk.instrument.traceUsage for more information
WARNING: Dynamic loading of agents will be disallowed by default in a future release
]]></system-err>
</testsuite>
